<?xml version="1.0" encoding="UTF-8"?>
<!-- Generated by org.testng.reporters.JUnitReportReporter -->
<testsuite skipped="0" hostname="HDC-ITADM3146" name="sampleProject.sampleProject.jenkinDemo" tests="1" failures="0" timestamp="22 May 2020 09:11:31 GMT" time="19.640" errors="0">
  <testcase name="demoTest" time="19.640" classname="sampleProject.sampleProject.jenkinDemo"/>
</testsuite> <!-- sampleProject.sampleProject.jenkinDemo -->
