<?xml version="1.0" encoding="UTF-8"?>
<!-- Generated by org.testng.reporters.JUnitReportReporter -->
<testsuite skipped="0" hostname="HDC-ITADM3146" name="sampleProject.sampleProject.jenkinDemo" tests="1" failures="0" timestamp="22 May 2020 09:24:27 GMT" time="20.455" errors="0">
  <testcase name="demoTest" time="20.455" classname="sampleProject.sampleProject.jenkinDemo"/>
</testsuite> <!-- sampleProject.sampleProject.jenkinDemo -->
